[DEBUG] 2023-12-21 18:09:45,048 (irsim.py 620): Parsed arguments: {'irpath': '/home/yangyk/SPL_Compiler/test/phase3/test/test_3_r01.ir', 'inputs': '5', 'logpath': 'irsim.log'}
[INFO] 2023-12-21 18:09:45,049 (irsim.py 567): File loaded successfully
[INFO] 2023-12-21 18:09:49,412 (irsim.py 567): Program has exited gracefully
[INFO] 2023-12-21 18:09:49,412 (irsim.py 567): Total instructions = 31
[WARNING] 2023-12-21 18:09:57,177 (irsim.py 574): Program Counter goes out of bound. The running program will be terminated instantly
[WARNING] 2023-12-21 18:09:57,926 (irsim.py 574): Program Counter goes out of bound. The running program will be terminated instantly
[ERROR] 2023-12-21 18:10:03,044 (irsim.py 581): An error occurred at line 34: Illegal memory access
[ERROR] 2023-12-21 18:10:03,697 (irsim.py 581): An error occurred at line 34: Illegal memory access
[WARNING] 2023-12-21 18:10:13,211 (irsim.py 574): Program Counter goes out of bound. The running program will be terminated instantly
[WARNING] 2023-12-21 18:10:13,723 (irsim.py 574): Program Counter goes out of bound. The running program will be terminated instantly
[WARNING] 2023-12-21 18:10:14,187 (irsim.py 574): Program Counter goes out of bound. The running program will be terminated instantly
[WARNING] 2023-12-21 18:10:14,354 (irsim.py 574): Program Counter goes out of bound. The running program will be terminated instantly
[WARNING] 2023-12-21 18:10:14,539 (irsim.py 574): Program Counter goes out of bound. The running program will be terminated instantly
[WARNING] 2023-12-21 18:10:14,819 (irsim.py 574): Program Counter goes out of bound. The running program will be terminated instantly
[INFO] 2023-12-21 18:10:23,117 (irsim.py 567): KeyboardInterrupt raised, quit program
[DEBUG] 2023-12-21 18:10:51,511 (irsim.py 620): Parsed arguments: {'irpath': '/home/yangyk/SPL_Compiler/test/phase3/test/test_3_r01.ir', 'inputs': '525', 'logpath': 'irsim.log'}
[INFO] 2023-12-21 18:10:51,512 (irsim.py 567): File loaded successfully
[INFO] 2023-12-21 18:10:53,466 (irsim.py 567): Program has exited gracefully
[INFO] 2023-12-21 18:10:53,466 (irsim.py 567): Total instructions = 59
[INFO] 2023-12-21 18:10:56,769 (irsim.py 567): KeyboardInterrupt raised, quit program
[DEBUG] 2023-12-21 18:11:00,448 (irsim.py 620): Parsed arguments: {'irpath': '/home/yangyk/SPL_Compiler/test/phase3/test/test_3_r01.ir', 'inputs': '5252', 'logpath': 'irsim.log'}
[INFO] 2023-12-21 18:11:00,449 (irsim.py 567): File loaded successfully
[DEBUG] 2023-12-21 18:11:09,504 (irsim.py 620): Parsed arguments: {'irpath': '/home/yangyk/SPL_Compiler/test/phase3/test/test_3_r01.ir', 'inputs': '52525', 'logpath': 'irsim.log'}
[INFO] 2023-12-21 18:11:09,505 (irsim.py 567): File loaded successfully
[INFO] 2023-12-21 18:11:11,108 (irsim.py 567): Program has exited gracefully
[INFO] 2023-12-21 18:11:11,108 (irsim.py 567): Total instructions = 87
[INFO] 2023-12-21 18:11:15,607 (irsim.py 567): KeyboardInterrupt raised, quit program
[DEBUG] 2023-12-21 18:11:19,007 (irsim.py 620): Parsed arguments: {'irpath': '/home/yangyk/SPL_Compiler/test/phase3/test/test_3_r01.ir', 'inputs': '525251', 'logpath': 'irsim.log'}
[INFO] 2023-12-21 18:11:19,008 (irsim.py 567): File loaded successfully
[DEBUG] 2023-12-21 18:14:31,945 (irsim.py 620): Parsed arguments: {'irpath': '/home/yangyk/SPL_Compiler/test/phase3/test/test_3_r01.ir', 'inputs': '525251', 'logpath': 'irsim.log'}
[INFO] 2023-12-21 18:14:31,946 (irsim.py 567): File loaded successfully
[INFO] 2023-12-21 18:14:33,321 (irsim.py 567): Program has exited gracefully
[INFO] 2023-12-21 18:14:33,321 (irsim.py 567): Total instructions = 104
[INFO] 2023-12-21 18:14:37,244 (irsim.py 567): KeyboardInterrupt raised, quit program
[DEBUG] 2023-12-21 19:16:43,591 (irsim.py 620): Parsed arguments: {'irpath': '/home/yangyk/SPL_Compiler/test/phase3/test/test_3_r03.ir', 'inputs': '5,6', 'logpath': 'irsim.log'}
[INFO] 2023-12-21 19:16:43,592 (irsim.py 567): File loaded successfully
[INFO] 2023-12-21 19:17:08,422 (irsim.py 567): KeyboardInterrupt raised, quit program
[DEBUG] 2023-12-21 19:17:50,621 (irsim.py 620): Parsed arguments: {'irpath': '/home/yangyk/SPL_Compiler/test/phase3/test/test_3_r03.ir', 'inputs': '', 'logpath': 'irsim.log'}
[INFO] 2023-12-21 19:17:50,622 (irsim.py 567): File loaded successfully
[INFO] 2023-12-21 19:18:37,149 (irsim.py 567): KeyboardInterrupt raised, quit program
[DEBUG] 2023-12-21 19:18:43,490 (irsim.py 620): Parsed arguments: {'irpath': '/home/yangyk/SPL_Compiler/test/phase3/test/test_3_r03.ir', 'inputs': '', 'logpath': 'irsim.log'}
[INFO] 2023-12-21 19:18:43,490 (irsim.py 567): File loaded successfully
[INFO] 2023-12-21 19:20:02,641 (irsim.py 567): KeyboardInterrupt raised, quit program
[DEBUG] 2023-12-21 19:20:25,865 (irsim.py 620): Parsed arguments: {'irpath': '/home/yangyk/SPL_Compiler/test/phase3/test/test_3_r04.ir', 'inputs': '100', 'logpath': 'irsim.log'}
[INFO] 2023-12-21 19:20:25,866 (irsim.py 567): File loaded successfully
[INFO] 2023-12-21 19:20:36,699 (irsim.py 567): KeyboardInterrupt raised, quit program
[DEBUG] 2023-12-21 19:22:07,173 (irsim.py 620): Parsed arguments: {'irpath': '/home/yangyk/SPL_Compiler/test/phase3/test/test_3_r03.ir', 'inputs': '', 'logpath': 'irsim.log'}
[INFO] 2023-12-21 19:22:07,173 (irsim.py 567): File loaded successfully
[INFO] 2023-12-21 19:22:13,740 (irsim.py 567): KeyboardInterrupt raised, quit program
[DEBUG] 2023-12-21 19:23:09,413 (irsim.py 620): Parsed arguments: {'irpath': '/home/yangyk/SPL_Compiler/test/phase3/test/test_3_r04.ir', 'inputs': '100', 'logpath': 'irsim.log'}
[INFO] 2023-12-21 19:23:09,413 (irsim.py 567): File loaded successfully
[INFO] 2023-12-21 19:23:20,242 (irsim.py 567): KeyboardInterrupt raised, quit program
[DEBUG] 2023-12-21 19:23:40,509 (irsim.py 620): Parsed arguments: {'irpath': '/home/yangyk/SPL_Compiler/test/phase3/test/test_3_r05.ir', 'inputs': '100', 'logpath': 'irsim.log'}
[ERROR] 2023-12-21 19:23:40,510 (irsim.py 581): Syntax error at line 19:
IF (null) GOTO label3
[ERROR] 2023-12-21 19:23:40,510 (irsim.py 581): Undefined label at line 12: GOTO label2
[ERROR] 2023-12-21 19:23:40,510 (irsim.py 581): Loading failed
[DEBUG] 2023-12-21 19:24:21,472 (irsim.py 620): Parsed arguments: {'irpath': '/home/yangyk/SPL_Compiler/test/phase3/test/test_3_r05.ir', 'inputs': '2', 'logpath': 'irsim.log'}
[ERROR] 2023-12-21 19:24:21,473 (irsim.py 581): Syntax error at line 19:
IF (null) GOTO label3
[ERROR] 2023-12-21 19:24:21,473 (irsim.py 581): Undefined label at line 12: GOTO label2
[ERROR] 2023-12-21 19:24:21,473 (irsim.py 581): Loading failed
[DEBUG] 2023-12-21 19:24:25,809 (irsim.py 620): Parsed arguments: {'irpath': '/home/yangyk/SPL_Compiler/test/phase3/test/test_3_r05.ir', 'inputs': '', 'logpath': 'irsim.log'}
[ERROR] 2023-12-21 19:24:25,810 (irsim.py 581): Syntax error at line 19:
IF (null) GOTO label3
[ERROR] 2023-12-21 19:24:25,810 (irsim.py 581): Undefined label at line 12: GOTO label2
[ERROR] 2023-12-21 19:24:25,810 (irsim.py 581): Loading failed
[DEBUG] 2023-12-21 19:24:50,959 (irsim.py 620): Parsed arguments: {'irpath': '/home/yangyk/SPL_Compiler/test/phase3/test/test_3_r05.ir', 'inputs': '1', 'logpath': 'irsim.log'}
[ERROR] 2023-12-21 19:24:50,960 (irsim.py 581): Syntax error at line 19:
IF (null) GOTO label3
[ERROR] 2023-12-21 19:24:50,960 (irsim.py 581): Undefined label at line 12: GOTO label2
[ERROR] 2023-12-21 19:24:50,960 (irsim.py 581): Loading failed
[DEBUG] 2023-12-21 19:27:36,260 (irsim.py 620): Parsed arguments: {'irpath': '/home/yangyk/SPL_Compiler/test/phase3/test/test_3_r02.ir', 'inputs': '1,2', 'logpath': 'irsim.log'}
[INFO] 2023-12-21 19:27:36,261 (irsim.py 567): File loaded successfully
[INFO] 2023-12-21 19:27:37,472 (irsim.py 567): Program has exited gracefully
[INFO] 2023-12-21 19:27:37,472 (irsim.py 567): Total instructions = 22
[INFO] 2023-12-21 19:28:02,392 (irsim.py 567): KeyboardInterrupt raised, quit program
[DEBUG] 2023-12-21 19:28:28,121 (irsim.py 620): Parsed arguments: {'irpath': '/home/yangyk/SPL_Compiler/test/phase3/test/test_3_r06.ir', 'inputs': '', 'logpath': 'irsim.log'}
[INFO] 2023-12-21 19:28:28,122 (irsim.py 567): File loaded successfully
[INFO] 2023-12-21 19:28:29,103 (irsim.py 567): Program has exited gracefully
[INFO] 2023-12-21 19:28:29,103 (irsim.py 567): Total instructions = 117
[INFO] 2023-12-21 19:29:33,506 (irsim.py 567): KeyboardInterrupt raised, quit program
[DEBUG] 2023-12-21 20:23:31,984 (irsim.py 620): Parsed arguments: {'irpath': '/home/yangyk/SPL_Compiler/test/phase3/test/test_3_r05.ir', 'inputs': '5', 'logpath': 'irsim.log'}
[INFO] 2023-12-21 20:23:31,985 (irsim.py 567): File loaded successfully
[INFO] 2023-12-21 20:23:33,173 (irsim.py 567): Program has exited gracefully
[INFO] 2023-12-21 20:23:33,173 (irsim.py 567): Total instructions = 40
[INFO] 2023-12-21 20:24:00,052 (irsim.py 567): KeyboardInterrupt raised, quit program
[DEBUG] 2023-12-21 20:24:29,089 (irsim.py 620): Parsed arguments: {'irpath': '/home/yangyk/SPL_Compiler/test/phase3/test/test_3_r03.ir', 'inputs': '', 'logpath': 'irsim.log'}
[INFO] 2023-12-21 20:24:29,089 (irsim.py 567): File loaded successfully
[INFO] 2023-12-21 20:24:32,586 (irsim.py 567): KeyboardInterrupt raised, quit program
[DEBUG] 2023-12-21 20:24:36,081 (irsim.py 620): Parsed arguments: {'irpath': '/home/yangyk/SPL_Compiler/test/phase3/test/test_3_r04.ir', 'inputs': '', 'logpath': 'irsim.log'}
[INFO] 2023-12-21 20:24:36,082 (irsim.py 567): File loaded successfully
[INFO] 2023-12-21 20:24:40,393 (irsim.py 567): KeyboardInterrupt raised, quit program
[DEBUG] 2023-12-21 20:25:00,840 (irsim.py 620): Parsed arguments: {'irpath': '/home/yangyk/SPL_Compiler/test/phase3/test/test_3_r06.ir', 'inputs': '', 'logpath': 'irsim.log'}
[INFO] 2023-12-21 20:25:00,841 (irsim.py 567): File loaded successfully
[INFO] 2023-12-21 20:25:01,767 (irsim.py 567): Program has exited gracefully
[INFO] 2023-12-21 20:25:01,767 (irsim.py 567): Total instructions = 117
[INFO] 2023-12-21 20:25:03,506 (irsim.py 567): KeyboardInterrupt raised, quit program
[DEBUG] 2023-12-21 20:45:14,372 (irsim.py 620): Parsed arguments: {'irpath': '/home/yangyk/SPL_Compiler/test/phase3/test/test_3_r03.ir', 'inputs': '', 'logpath': 'irsim.log'}
[INFO] 2023-12-21 20:45:14,373 (irsim.py 567): File loaded successfully
[INFO] 2023-12-21 20:45:19,629 (irsim.py 567): KeyboardInterrupt raised, quit program
[DEBUG] 2023-12-21 21:26:52,645 (irsim.py 620): Parsed arguments: {'irpath': '/home/yangyk/SPL_Compiler/test/phase3/test/test_3_r03.ir', 'inputs': '', 'logpath': 'irsim.log'}
[INFO] 2023-12-21 21:26:52,645 (irsim.py 567): File loaded successfully
[INFO] 2023-12-21 21:26:54,206 (irsim.py 567): Program has exited gracefully
[INFO] 2023-12-21 21:26:54,206 (irsim.py 567): Total instructions = 3685
[INFO] 2023-12-21 21:28:57,087 (irsim.py 567): KeyboardInterrupt raised, quit program
[DEBUG] 2023-12-21 21:29:19,740 (irsim.py 620): Parsed arguments: {'irpath': '/home/yangyk/SPL_Compiler/test/phase3/test/test_3_r04.ir', 'inputs': '', 'logpath': 'irsim.log'}
[INFO] 2023-12-21 21:29:19,740 (irsim.py 567): File loaded successfully
[INFO] 2023-12-21 21:29:32,342 (irsim.py 567): Program has exited gracefully
[INFO] 2023-12-21 21:29:32,342 (irsim.py 567): Total instructions = 39589
[INFO] 2023-12-21 21:30:53,431 (irsim.py 567): KeyboardInterrupt raised, quit program
[DEBUG] 2023-12-24 16:24:08,320 (irsim.py 620): Parsed arguments: {'irpath': '/home/yangyk/SPL_Compiler/test/phase3/test/test_3_r01.ir', 'inputs': '10', 'logpath': 'irsim.log'}
[INFO] 2023-12-24 16:24:08,320 (irsim.py 567): File loaded successfully
[INFO] 2023-12-24 16:24:09,778 (irsim.py 567): Program has exited gracefully
[INFO] 2023-12-24 16:24:09,778 (irsim.py 567): Total instructions = 48
[INFO] 2023-12-24 16:24:12,762 (irsim.py 567): KeyboardInterrupt raised, quit program
[DEBUG] 2023-12-24 16:24:46,508 (irsim.py 620): Parsed arguments: {'irpath': '/home/yangyk/SPL_Compiler/test/phase3/test/test_3_r02.ir', 'inputs': '2,3', 'logpath': 'irsim.log'}
[INFO] 2023-12-24 16:24:46,509 (irsim.py 567): File loaded successfully
[INFO] 2023-12-24 16:24:47,530 (irsim.py 567): Program has exited gracefully
[INFO] 2023-12-24 16:24:47,530 (irsim.py 567): Total instructions = 14
[INFO] 2023-12-24 16:24:56,090 (irsim.py 567): KeyboardInterrupt raised, quit program
[DEBUG] 2023-12-24 16:25:07,602 (irsim.py 620): Parsed arguments: {'irpath': '/home/yangyk/SPL_Compiler/test/phase3/test/test_3_r03.ir', 'inputs': '', 'logpath': 'irsim.log'}
[INFO] 2023-12-24 16:25:07,603 (irsim.py 567): File loaded successfully
[INFO] 2023-12-24 16:25:09,119 (irsim.py 567): Program has exited gracefully
[INFO] 2023-12-24 16:25:09,119 (irsim.py 567): Total instructions = 3685
[INFO] 2023-12-24 16:25:11,530 (irsim.py 567): KeyboardInterrupt raised, quit program
[DEBUG] 2023-12-24 16:25:22,762 (irsim.py 620): Parsed arguments: {'irpath': '/home/yangyk/SPL_Compiler/test/phase3/test/test_3_r04.ir', 'inputs': '', 'logpath': 'irsim.log'}
[INFO] 2023-12-24 16:25:22,763 (irsim.py 567): File loaded successfully
[INFO] 2023-12-24 16:25:35,047 (irsim.py 567): Program has exited gracefully
[INFO] 2023-12-24 16:25:35,047 (irsim.py 567): Total instructions = 39589
[INFO] 2023-12-24 16:25:43,175 (irsim.py 567): KeyboardInterrupt raised, quit program
[DEBUG] 2023-12-24 16:25:46,473 (irsim.py 620): Parsed arguments: {'irpath': '/home/yangyk/SPL_Compiler/test/phase3/test/test_3_r05.ir', 'inputs': '', 'logpath': 'irsim.log'}
[INFO] 2023-12-24 16:25:46,474 (irsim.py 567): File loaded successfully
[INFO] 2023-12-24 16:25:57,974 (irsim.py 567): KeyboardInterrupt raised, quit program
[DEBUG] 2023-12-24 16:26:02,965 (irsim.py 620): Parsed arguments: {'irpath': '/home/yangyk/SPL_Compiler/test/phase3/test/test_3_r05.ir', 'inputs': '5', 'logpath': 'irsim.log'}
[INFO] 2023-12-24 16:26:02,966 (irsim.py 567): File loaded successfully
[INFO] 2023-12-24 16:26:03,612 (irsim.py 567): Program has exited gracefully
[INFO] 2023-12-24 16:26:03,612 (irsim.py 567): Total instructions = 40
[INFO] 2023-12-24 16:26:07,727 (irsim.py 567): KeyboardInterrupt raised, quit program
[DEBUG] 2023-12-24 16:26:21,129 (irsim.py 620): Parsed arguments: {'irpath': '/home/yangyk/SPL_Compiler/test/phase3/test/test_3_r06.ir', 'inputs': '', 'logpath': 'irsim.log'}
[INFO] 2023-12-24 16:26:21,130 (irsim.py 567): File loaded successfully
[INFO] 2023-12-24 16:26:22,402 (irsim.py 567): Program has exited gracefully
[INFO] 2023-12-24 16:26:22,402 (irsim.py 567): Total instructions = 117
[INFO] 2023-12-24 16:26:25,443 (irsim.py 567): KeyboardInterrupt raised, quit program
[DEBUG] 2023-12-24 18:55:19,045 (irsim.py 620): Parsed arguments: {'irpath': '/home/yangyk/SPL_Compiler/test/phase3/test/test_3_r01.ir', 'inputs': '10', 'logpath': 'irsim.log'}
[INFO] 2023-12-24 18:55:19,045 (irsim.py 567): File loaded successfully
[INFO] 2023-12-24 18:55:19,878 (irsim.py 567): Program has exited gracefully
[INFO] 2023-12-24 18:55:19,878 (irsim.py 567): Total instructions = 46
[INFO] 2023-12-24 18:55:21,966 (irsim.py 567): KeyboardInterrupt raised, quit program
[DEBUG] 2023-12-24 18:55:25,254 (irsim.py 620): Parsed arguments: {'irpath': '/home/yangyk/SPL_Compiler/test/phase3/test/test_3_r01.ir', 'inputs': '101', 'logpath': 'irsim.log'}
[INFO] 2023-12-24 18:55:25,254 (irsim.py 567): File loaded successfully
[INFO] 2023-12-24 18:55:26,020 (irsim.py 567): Program has exited gracefully
[INFO] 2023-12-24 18:55:26,020 (irsim.py 567): Total instructions = 59
[INFO] 2023-12-24 18:55:28,229 (irsim.py 567): KeyboardInterrupt raised, quit program
[DEBUG] 2023-12-24 18:55:31,366 (irsim.py 620): Parsed arguments: {'irpath': '/home/yangyk/SPL_Compiler/test/phase3/test/test_3_r01.ir', 'inputs': '1010', 'logpath': 'irsim.log'}
[INFO] 2023-12-24 18:55:31,367 (irsim.py 567): File loaded successfully
[INFO] 2023-12-24 18:55:32,251 (irsim.py 567): Program has exited gracefully
[INFO] 2023-12-24 18:55:32,251 (irsim.py 567): Total instructions = 74
[INFO] 2023-12-24 18:55:33,136 (irsim.py 567): KeyboardInterrupt raised, quit program
[DEBUG] 2023-12-24 18:55:35,111 (irsim.py 620): Parsed arguments: {'irpath': '/home/yangyk/SPL_Compiler/test/phase3/test/test_3_r01.ir', 'inputs': '10101', 'logpath': 'irsim.log'}
[INFO] 2023-12-24 18:55:35,111 (irsim.py 567): File loaded successfully
[INFO] 2023-12-24 18:55:35,840 (irsim.py 567): Program has exited gracefully
[INFO] 2023-12-24 18:55:35,840 (irsim.py 567): Total instructions = 87
[INFO] 2023-12-24 18:55:36,503 (irsim.py 567): KeyboardInterrupt raised, quit program
[DEBUG] 2023-12-24 18:56:08,921 (irsim.py 620): Parsed arguments: {'irpath': '/home/yangyk/SPL_Compiler/test/phase3/test/test_3_r02.ir', 'inputs': '2,3', 'logpath': 'irsim.log'}
[INFO] 2023-12-24 18:56:08,922 (irsim.py 567): File loaded successfully
[INFO] 2023-12-24 18:56:09,798 (irsim.py 567): Program has exited gracefully
[INFO] 2023-12-24 18:56:09,798 (irsim.py 567): Total instructions = 14
[INFO] 2023-12-24 18:57:36,719 (irsim.py 567): KeyboardInterrupt raised, quit program
[DEBUG] 2023-12-24 18:57:43,238 (irsim.py 620): Parsed arguments: {'irpath': '/home/yangyk/SPL_Compiler/test/phase3/test/test_3_r02.ir', 'inputs': '15,30', 'logpath': 'irsim.log'}
[INFO] 2023-12-24 18:57:43,238 (irsim.py 567): File loaded successfully
[INFO] 2023-12-24 18:57:44,027 (irsim.py 567): Program has exited gracefully
[INFO] 2023-12-24 18:57:44,027 (irsim.py 567): Total instructions = 14
[INFO] 2023-12-24 18:58:34,792 (irsim.py 567): KeyboardInterrupt raised, quit program
[DEBUG] 2023-12-24 18:58:41,873 (irsim.py 620): Parsed arguments: {'irpath': '/home/yangyk/SPL_Compiler/test/phase3/test/test_3_r02.ir', 'inputs': '4,7', 'logpath': 'irsim.log'}
[INFO] 2023-12-24 18:58:41,873 (irsim.py 567): File loaded successfully
[INFO] 2023-12-24 18:58:42,760 (irsim.py 567): Program has exited gracefully
[INFO] 2023-12-24 18:58:42,760 (irsim.py 567): Total instructions = 14
[INFO] 2023-12-24 18:58:54,465 (irsim.py 567): KeyboardInterrupt raised, quit program
[DEBUG] 2023-12-24 18:59:52,848 (irsim.py 620): Parsed arguments: {'irpath': '/home/yangyk/SPL_Compiler/test/phase3/test/test_3_r02.ir', 'inputs': '15,2', 'logpath': 'irsim.log'}
[INFO] 2023-12-24 18:59:52,849 (irsim.py 567): File loaded successfully
[INFO] 2023-12-24 18:59:53,545 (irsim.py 567): Program has exited gracefully
[INFO] 2023-12-24 18:59:53,545 (irsim.py 567): Total instructions = 33
[INFO] 2023-12-24 18:59:57,820 (irsim.py 567): KeyboardInterrupt raised, quit program
[DEBUG] 2023-12-24 19:00:02,556 (irsim.py 620): Parsed arguments: {'irpath': '/home/yangyk/SPL_Compiler/test/phase3/test/test_3_r02.ir', 'inputs': '5,2', 'logpath': 'irsim.log'}
[INFO] 2023-12-24 19:00:02,557 (irsim.py 567): File loaded successfully
[INFO] 2023-12-24 19:00:03,206 (irsim.py 567): Program has exited gracefully
[INFO] 2023-12-24 19:00:03,206 (irsim.py 567): Total instructions = 33
[INFO] 2023-12-24 19:00:05,100 (irsim.py 567): KeyboardInterrupt raised, quit program
[DEBUG] 2023-12-24 19:02:23,441 (irsim.py 620): Parsed arguments: {'irpath': '/home/yangyk/SPL_Compiler/test/phase3/test/test_3_r02.ir', 'inputs': '5,2', 'logpath': 'irsim.log'}
[INFO] 2023-12-24 19:02:23,442 (irsim.py 567): File loaded successfully
[INFO] 2023-12-24 19:02:23,951 (irsim.py 567): Program has exited gracefully
[INFO] 2023-12-24 19:02:23,952 (irsim.py 567): Total instructions = 33
[INFO] 2023-12-24 19:02:25,224 (irsim.py 567): KeyboardInterrupt raised, quit program
[DEBUG] 2023-12-24 19:02:28,562 (irsim.py 620): Parsed arguments: {'irpath': '/home/yangyk/SPL_Compiler/test/phase3/test/test_3_r02.ir', 'inputs': '5,5', 'logpath': 'irsim.log'}
[INFO] 2023-12-24 19:02:28,563 (irsim.py 567): File loaded successfully
[INFO] 2023-12-24 19:02:29,005 (irsim.py 567): Program has exited gracefully
[INFO] 2023-12-24 19:02:29,005 (irsim.py 567): Total instructions = 21
[INFO] 2023-12-24 19:02:29,774 (irsim.py 567): KeyboardInterrupt raised, quit program
